<?xml version="1.0" encoding="UTF-8"?>
<testsuite name="RestaurantsTest" tests="2" skipped="0" failures="0" errors="0" timestamp="2016-04-26T20:59:41" hostname="epicodus-51.local" time="0.0">
  <properties/>
  <testcase name="Restaurants_instantiatesCorrectly_true" classname="RestaurantsTest" time="0.0"/>
  <testcase name="Task_instantiatesWithDescription_String" classname="RestaurantsTest" time="0.0"/>
  <system-out><![CDATA[]]></system-out>
  <system-err><![CDATA[]]></system-err>
</testsuite>
